[INFO] rv32emu boot start
[INFO] opensbi=/workspace/out/opensbi/platform/generic/firmware/fw_dynamic.bin @0x80000000 entry=0x80000000
[INFO] kernel=/workspace/out/linux/arch/riscv/boot/Image @0x80400000 entry=0x80400000
[INFO] harts=1
[INFO] dtb=/workspace/out/smoke/virt-rv32-smoke.dtb @0x87f00000
[INFO] initrd=/workspace/out/rootfs/initramfs.cpio.gz @0x88000000 size=1297474
[INFO] fw_dynamic_info @0x803ff000 next=0x80400000 mode=S

OpenSBI v1.5.1
   ____                    _____ ____ _____
  / __ \                  / ____|  _ \_   _|
 | |  | |_ __   ___ _ __ | (___ | |_) || |
 | |  | | '_ \ / _ \ '_ \ \___ \|  _ < | |
 | |__| | |_) |  __/ | | |____) | |_) || |_
  \____/| .__/ \___|_| |_|_____/|____/_____|
        | |
        |_|

Platform Name             : riscv-virtio,qemu
Platform Features         : medeleg
Platform HART Count       : 2
Platform IPI Device       : aclint-mswi
Platform Timer Device     : aclint-mtimer @ 10000000Hz
Platform Console Device   : uart8250
Platform HSM Device       : ---
Platform PMU Device       : ---
Platform Reboot Device    : syscon-reboot
Platform Shutdown Device  : syscon-poweroff
Platform Suspend Device   : ---
Platform CPPC Device      : ---
Firmware Base             : 0x80000000
Firmware Size             : 329 KB
Firmware RW Offset        : 0x40000
Firmware RW Size          : 73 KB
Firmware Heap Offset      : 0x49000
Firmware Heap Size        : 37 KB (total), 2 KB (reserved), 9 KB (used), 25 KB (free)
Firmware Scratch Size     : 4096 B (total), 240 B (used), 3856 B (free)
Runtime SBI Version       : 2.0

Domain0 Name              : root
Domain0 Boot HART         : 0
Domain0 HARTs             : 0*,1*
Domain0 Region00          : 0x00100000-0x00100fff M: (I,R,W) S/U: (R,W)
Domain0 Region01          : 0x10000000-0x10000fff M: (I,R,W) S/U: (R,W)
Domain0 Region02          : 0x02000000-0x0200ffff M: (I,R,W) S/U: ()
Domain0 Region03          : 0x80040000-0x8005ffff M: (R,W) S/U: ()
Domain0 Region04          : 0x80000000-0x8003ffff M: (R,X) S/U: ()
Domain0 Region05          : 0x0c400000-0x0c5fffff M: (I,R,W) S/U: (R,W)
Domain0 Region06          : 0x0c000000-0x0c3fffff M: (I,R,W) S/U: (R,W)
Domain0 Region07          : 0x00000000-0xffffffff M: () S/U: (R,W,X)
Domain0 Next Address      : 0x80400000
Domain0 Next Arg1         : 0x87f00000
Domain0 Next Mode         : S-mode
Domain0 SysReset          : yes
Domain0 SysSuspend        : yes

Boot HART ID              : 0
Boot HART Domain          : root
Boot HART Priv Version    : v1.10
Boot HART Base ISA        : rv32imafdc
Boot HART ISA Extensions  : zicntr
Boot HART PMP Count       : 0
Boot HART PMP Granularity : 0 bits
Boot HART PMP Address Bits: 0
Boot HART MHPM Info       : 0 (0x00000000)
Boot HART Debug Triggers  : 0 triggers
Boot HART MIDELEG         : 0x00000222
Boot HART MEDELEG         : 0x0000b109
[INFO] rv32emu stop: executed=120000000 running=1 pc=0xc042259e priv=1 mcause=0x00000009 mepc=0xc0005794 mtval=0x00000000
[INFO] hart0 state: running=1 pc=0xc042259e priv=1 mcause=0x00000009 mepc=0xc0005794
